build/app/intermediates/manifest_merge_blame_file/release/processReleaseMainManifest/manifest-merger-blame-release-report.txt
1<?xml version="1.0" encoding="utf-8"?>
2<manifest xmlns:android="http://schemas.android.com/apk/res/android"
3    package="com.express.thynktech"
4    android:versionCode="2"
5    android:versionName="1.0.9" >
6
7    <uses-sdk
7-->src\main\AndroidManifest.xml:8:5-74
8        android:minSdkVersion="23"
8-->src\main\AndroidManifest.xml:8:15-41
9        android:targetSdkVersion="36" />
9-->src\main\AndroidManifest.xml:8:42-71
10
11    <uses-permission android:name="android.permission.INTERNET" />
11-->src\main\AndroidManifest.xml:4:5-67
11-->src\main\AndroidManifest.xml:4:22-64
12    <uses-permission android:name="android.permission.ACCESS_COARSE_LOCATION" />
12-->src\main\AndroidManifest.xml:5:5-80
12-->src\main\AndroidManifest.xml:5:22-78
13    <uses-permission android:name="android.permission.ACCESS_FINE_LOCATION" />
13-->src\main\AndroidManifest.xml:6:5-78
13-->src\main\AndroidManifest.xml:6:22-76
14
15    <queries>
15-->src\main\AndroidManifest.xml:10:5-24:15
16        <intent>
16-->src\main\AndroidManifest.xml:11:9-14:18
17            <action android:name="android.intent.action.VIEW" />
17-->src\main\AndroidManifest.xml:12:13-65
17-->src\main\AndroidManifest.xml:12:21-62
18
19            <data android:scheme="https" />
19-->src\main\AndroidManifest.xml:13:13-44
19-->src\main\AndroidManifest.xml:13:19-41
20        </intent>
21        <intent>
21-->src\main\AndroidManifest.xml:15:9-18:18
22            <action android:name="android.intent.action.DIAL" />
22-->src\main\AndroidManifest.xml:16:13-65
22-->src\main\AndroidManifest.xml:16:21-62
23
24            <data android:scheme="tel" />
24-->src\main\AndroidManifest.xml:13:13-44
24-->src\main\AndroidManifest.xml:13:19-41
25        </intent>
26        <intent>
26-->src\main\AndroidManifest.xml:19:9-22:18
27            <action android:name="android.intent.action.SEND" />
27-->src\main\AndroidManifest.xml:20:13-65
27-->src\main\AndroidManifest.xml:20:21-62
28
29            <data android:mimeType="*/*" />
29-->src\main\AndroidManifest.xml:13:13-44
29-->src\main\AndroidManifest.xml:21:19-41
30        </intent>
31
32        <provider android:authorities="com.facebook.katana.provider.PlatformProvider" />
32-->src\main\AndroidManifest.xml:23:9-89
32-->src\main\AndroidManifest.xml:23:19-86
33
34        <intent>
34-->[:flutter_downloader] AndroidManifest.xml:9:9-11:18
35            <action android:name="android.intent.action.VIEW" />
35-->src\main\AndroidManifest.xml:12:13-65
35-->src\main\AndroidManifest.xml:12:21-62
36        </intent>
37        <intent>
37-->[:flutter_inappwebview_android] AndroidManifest.xml:8:9-10:18
38            <action android:name="android.support.customtabs.action.CustomTabsService" />
38-->[:flutter_inappwebview_android] AndroidManifest.xml:9:13-90
38-->[:flutter_inappwebview_android] AndroidManifest.xml:9:21-87
39        </intent>
40
41        <package android:name="com.facebook.katana" />
41-->[com.facebook.android:facebook-common:17.0.0] AndroidManifest.xml:18:9-55
41-->[com.facebook.android:facebook-common:17.0.0] AndroidManifest.xml:18:18-52
42
43        <intent>
43-->[:file_picker] AndroidManifest.xml:8:9-12:18
44            <action android:name="android.intent.action.GET_CONTENT" />
44-->[:file_picker] AndroidManifest.xml:9:13-72
44-->[:file_picker] AndroidManifest.xml:9:21-69
45
46            <data android:mimeType="*/*" />
46-->src\main\AndroidManifest.xml:13:13-44
46-->src\main\AndroidManifest.xml:21:19-41
47        </intent> <!-- Needs to be explicitly declared on Android R+ -->
48        <package android:name="com.google.android.apps.maps" />
48-->[com.google.android.gms:play-services-maps:19.2.0] AndroidManifest.xml:29:7-61
48-->[com.google.android.gms:play-services-maps:19.2.0] AndroidManifest.xml:29:16-59
49    </queries>
50
51    <uses-permission android:name="android.permission.POST_NOTIFICATIONS" />
51-->[:flutter_downloader] AndroidManifest.xml:14:5-77
51-->[:flutter_downloader] AndroidManifest.xml:14:22-74
52    <uses-permission android:name="android.permission.VIBRATE" />
52-->[:flutter_local_notifications] AndroidManifest.xml:7:5-66
52-->[:flutter_local_notifications] AndroidManifest.xml:7:22-63
53    <uses-permission android:name="android.permission.ACCESS_NETWORK_STATE" />
53-->[:connectivity_plus] AndroidManifest.xml:7:5-79
53-->[:connectivity_plus] AndroidManifest.xml:7:22-76
54    <uses-permission android:name="android.permission.WAKE_LOCK" />
54-->[:firebase_messaging] AndroidManifest.xml:8:5-68
54-->[:firebase_messaging] AndroidManifest.xml:8:22-65
55    <uses-permission android:name="android.permission.RECEIVE_BOOT_COMPLETED" />
55-->[androidx.work:work-runtime:2.9.0] AndroidManifest.xml:25:5-81
55-->[androidx.work:work-runtime:2.9.0] AndroidManifest.xml:25:22-78
56    <uses-permission android:name="android.permission.FOREGROUND_SERVICE" />
56-->[androidx.work:work-runtime:2.9.0] AndroidManifest.xml:26:5-77
56-->[androidx.work:work-runtime:2.9.0] AndroidManifest.xml:26:22-74
57
58    <uses-feature
58-->[com.google.android.gms:play-services-maps:19.2.0] AndroidManifest.xml:22:5-24:33
59        android:glEsVersion="0x00020000"
59-->[com.google.android.gms:play-services-maps:19.2.0] AndroidManifest.xml:23:8-40
60        android:required="true" /> <!-- Required by older versions of Google Play services to create IID tokens -->
60-->[com.google.android.gms:play-services-maps:19.2.0] AndroidManifest.xml:24:8-31
61    <uses-permission android:name="com.google.android.c2dm.permission.RECEIVE" />
61-->[com.google.firebase:firebase-messaging:25.0.0] AndroidManifest.xml:26:5-82
61-->[com.google.firebase:firebase-messaging:25.0.0] AndroidManifest.xml:26:22-79
62    <uses-permission android:name="com.google.android.providers.gsf.permission.READ_GSERVICES" />
62-->[com.google.android.recaptcha:recaptcha:18.6.1] AndroidManifest.xml:9:5-98
62-->[com.google.android.recaptcha:recaptcha:18.6.1] AndroidManifest.xml:9:22-95
63    <uses-permission android:name="com.google.android.gms.permission.AD_ID" />
63-->[com.facebook.android:facebook-core:17.0.0] AndroidManifest.xml:16:5-79
63-->[com.facebook.android:facebook-core:17.0.0] AndroidManifest.xml:16:22-76
64
65    <permission
65-->[androidx.core:core:1.13.1] AndroidManifest.xml:22:5-24:47
66        android:name="com.express.thynktech.DYNAMIC_RECEIVER_NOT_EXPORTED_PERMISSION"
66-->[androidx.core:core:1.13.1] AndroidManifest.xml:23:9-81
67        android:protectionLevel="signature" />
67-->[androidx.core:core:1.13.1] AndroidManifest.xml:24:9-44
68
69    <uses-permission android:name="com.express.thynktech.DYNAMIC_RECEIVER_NOT_EXPORTED_PERMISSION" />
69-->[androidx.core:core:1.13.1] AndroidManifest.xml:26:5-97
69-->[androidx.core:core:1.13.1] AndroidManifest.xml:26:22-94
70    <uses-permission android:name="com.google.android.finsky.permission.BIND_GET_INSTALL_REFERRER_SERVICE" />
70-->[com.android.installreferrer:installreferrer:1.0] AndroidManifest.xml:9:5-110
70-->[com.android.installreferrer:installreferrer:1.0] AndroidManifest.xml:9:22-107
71
72    <application
72-->src\main\AndroidManifest.xml:26:5-134:19
73        android:appComponentFactory="androidx.core.app.CoreComponentFactory"
73-->[androidx.core:core:1.13.1] AndroidManifest.xml:28:18-86
74        android:extractNativeLibs="true"
74-->src\main\AndroidManifest.xml:30:9-41
75        android:icon="@mipmap/ic_launcher"
75-->src\main\AndroidManifest.xml:31:9-43
76        android:label="Express"
76-->src\main\AndroidManifest.xml:27:9-32
77        android:requestLegacyExternalStorage="true"
77-->src\main\AndroidManifest.xml:28:9-52
78        android:supportsRtl="true"
78-->[com.facebook.android:facebook-login:17.0.0] AndroidManifest.xml:16:18-44
79        android:usesCleartextTraffic="true" >
79-->src\main\AndroidManifest.xml:29:9-44
80        android:requestLegacyExternalStorage="true"
81        <meta-data
81-->src\main\AndroidManifest.xml:35:9-36:70
82            android:name="com.google.android.geo.API_KEY"
82-->src\main\AndroidManifest.xml:35:20-65
83            android:value="AIzaSyA-u5FhtoPVUsCEVJqHj3ish-6twCLRguQ" />
83-->src\main\AndroidManifest.xml:36:13-68
84
85        <provider
86            android:name="com.pichillilorenzo.flutter_inappwebview_android.InAppWebViewFileProvider"
86-->src\main\AndroidManifest.xml:39:13-101
87            android:authorities="com.express.thynktech.flutter_inappwebview_android.fileprovider"
87-->src\main\AndroidManifest.xml:40:13-93
88            android:exported="false"
88-->src\main\AndroidManifest.xml:41:13-37
89            android:grantUriPermissions="true" >
89-->src\main\AndroidManifest.xml:42:13-47
90            <meta-data
90-->src\main\AndroidManifest.xml:43:13-45:58
91                android:name="android.support.FILE_PROVIDER_PATHS"
91-->src\main\AndroidManifest.xml:44:17-67
92                android:resource="@xml/provider_paths" />
92-->src\main\AndroidManifest.xml:45:17-55
93        </provider>
94        <provider
95            android:name="vn.hunghd.flutterdownloader.DownloadedFileProvider"
95-->src\main\AndroidManifest.xml:49:13-78
96            android:authorities="com.express.thynktech.flutter_downloader.provider"
96-->src\main\AndroidManifest.xml:50:13-79
97            android:exported="false"
97-->src\main\AndroidManifest.xml:51:13-37
98            android:grantUriPermissions="true" >
98-->src\main\AndroidManifest.xml:52:13-47
99            <meta-data
99-->src\main\AndroidManifest.xml:43:13-45:58
100                android:name="android.support.FILE_PROVIDER_PATHS"
100-->src\main\AndroidManifest.xml:44:17-67
101                android:resource="@xml/provider_paths" />
101-->src\main\AndroidManifest.xml:45:17-55
102        </provider>
103
104        <activity
104-->src\main\AndroidManifest.xml:58:9-106:20
105            android:name="com.express.thynktech.MainActivity"
105-->src\main\AndroidManifest.xml:59:13-41
106            android:configChanges="orientation|keyboardHidden|keyboard|screenSize|smallestScreenSize|locale|layoutDirection|fontScale|screenLayout|density|uiMode"
106-->src\main\AndroidManifest.xml:62:13-163
107            android:exported="true"
107-->src\main\AndroidManifest.xml:64:13-36
108            android:hardwareAccelerated="true"
108-->src\main\AndroidManifest.xml:63:13-47
109            android:launchMode="singleTop"
109-->src\main\AndroidManifest.xml:60:13-43
110            android:theme="@style/LaunchTheme"
110-->src\main\AndroidManifest.xml:61:13-47
111            android:windowSoftInputMode="adjustResize" >
111-->src\main\AndroidManifest.xml:65:13-55
112            <meta-data
112-->src\main\AndroidManifest.xml:67:13-70:19
113                android:name="io.flutter.embedding.android.NormalTheme"
113-->src\main\AndroidManifest.xml:68:17-72
114                android:resource="@style/NormalTheme" />
114-->src\main\AndroidManifest.xml:69:17-54
115            <meta-data
115-->src\main\AndroidManifest.xml:72:13-75:19
116                android:name="io.flutter.embedding.android.SplashScreenDrawable"
116-->src\main\AndroidManifest.xml:73:17-81
117                android:resource="@drawable/launch_background" />
117-->src\main\AndroidManifest.xml:74:17-63
118            <meta-data
118-->src\main\AndroidManifest.xml:76:13-78:57
119                android:name="com.google.firebase.messaging.default_notification_channel_id"
119-->src\main\AndroidManifest.xml:77:17-93
120                android:value="demandiumWithoutsound" />
120-->src\main\AndroidManifest.xml:78:17-54
121
122            <intent-filter>
122-->src\main\AndroidManifest.xml:80:13-83:29
123                <action android:name="android.intent.action.MAIN" />
123-->src\main\AndroidManifest.xml:81:17-68
123-->src\main\AndroidManifest.xml:81:25-66
124
125                <category android:name="android.intent.category.LAUNCHER" />
125-->src\main\AndroidManifest.xml:82:17-76
125-->src\main\AndroidManifest.xml:82:27-74
126            </intent-filter>
127            <intent-filter>
127-->src\main\AndroidManifest.xml:84:13-87:29
128                <action android:name="FLUTTER_NOTIFICATION_CLICK" />
128-->src\main\AndroidManifest.xml:85:17-69
128-->src\main\AndroidManifest.xml:85:25-66
129
130                <category android:name="android.intent.category.DEFAULT" />
130-->src\main\AndroidManifest.xml:86:17-76
130-->src\main\AndroidManifest.xml:86:27-73
131            </intent-filter>
132            <intent-filter>
132-->src\main\AndroidManifest.xml:88:13-95:29
133                <data
133-->src\main\AndroidManifest.xml:13:13-44
134                    android:host="payment-return"
134-->src\main\AndroidManifest.xml:90:21-50
135                    android:scheme="mollie-app" />
135-->src\main\AndroidManifest.xml:13:19-41
136
137                <action android:name="android.intent.action.VIEW" />
137-->src\main\AndroidManifest.xml:12:13-65
137-->src\main\AndroidManifest.xml:12:21-62
138
139                <category android:name="android.intent.category.DEFAULT" />
139-->src\main\AndroidManifest.xml:86:17-76
139-->src\main\AndroidManifest.xml:86:27-73
140                <category android:name="android.intent.category.BROWSABLE" />
140-->src\main\AndroidManifest.xml:94:17-78
140-->src\main\AndroidManifest.xml:94:27-75
141            </intent-filter>
142
143            <meta-data
143-->src\main\AndroidManifest.xml:97:13-90
144                android:name="flutter_deeplinking_enabled"
144-->src\main\AndroidManifest.xml:97:24-66
145                android:value="true" />
145-->src\main\AndroidManifest.xml:97:67-87
146
147            <intent-filter android:autoVerify="true" >
147-->src\main\AndroidManifest.xml:98:13-104:29
147-->src\main\AndroidManifest.xml:98:28-53
148                <action android:name="android.intent.action.VIEW" />
148-->src\main\AndroidManifest.xml:12:13-65
148-->src\main\AndroidManifest.xml:12:21-62
149
150                <category android:name="android.intent.category.DEFAULT" />
150-->src\main\AndroidManifest.xml:86:17-76
150-->src\main\AndroidManifest.xml:86:27-73
151                <category android:name="android.intent.category.BROWSABLE" />
151-->src\main\AndroidManifest.xml:94:17-78
151-->src\main\AndroidManifest.xml:94:27-75
152
153                <data
153-->src\main\AndroidManifest.xml:13:13-44
154                    android:host="demandium-web.6amtech.com"
154-->src\main\AndroidManifest.xml:90:21-50
155                    android:scheme="http" />
155-->src\main\AndroidManifest.xml:13:19-41
156                <data
156-->src\main\AndroidManifest.xml:13:13-44
157                    android:host="demandium-web.6amtech.com"
157-->src\main\AndroidManifest.xml:90:21-50
158                    android:scheme="https" />
158-->src\main\AndroidManifest.xml:13:19-41
159            </intent-filter>
160        </activity>
161
162        <meta-data
162-->src\main\AndroidManifest.xml:108:9-110:33
163            android:name="flutterEmbedding"
163-->src\main\AndroidManifest.xml:109:13-44
164            android:value="2" />
164-->src\main\AndroidManifest.xml:110:13-30
165        <meta-data
165-->src\main\AndroidManifest.xml:111:9-113:54
166            android:name="com.facebook.sdk.ApplicationId"
166-->src\main\AndroidManifest.xml:112:13-58
167            android:value="@string/facebook_app_id" />
167-->src\main\AndroidManifest.xml:113:13-52
168        <meta-data
168-->src\main\AndroidManifest.xml:114:9-116:60
169            android:name="com.facebook.sdk.ClientToken"
169-->src\main\AndroidManifest.xml:115:13-56
170            android:value="@string/facebook_client_token" />
170-->src\main\AndroidManifest.xml:116:13-58
171
172        <activity
172-->src\main\AndroidManifest.xml:117:9-120:48
173            android:name="com.facebook.FacebookActivity"
173-->src\main\AndroidManifest.xml:118:13-57
174            android:configChanges="keyboard|keyboardHidden|screenLayout|screenSize|orientation"
174-->src\main\AndroidManifest.xml:119:13-96
175            android:label="@string/app_name"
175-->src\main\AndroidManifest.xml:120:13-45
176            android:theme="@style/com_facebook_activity_theme" />
176-->[com.facebook.android:facebook-common:17.0.0] AndroidManifest.xml:25:13-63
177        <activity
177-->src\main\AndroidManifest.xml:122:9-131:20
178            android:name="com.facebook.CustomTabActivity"
178-->src\main\AndroidManifest.xml:123:13-58
179            android:exported="true" >
179-->src\main\AndroidManifest.xml:124:13-36
180            <intent-filter>
180-->src\main\AndroidManifest.xml:125:13-130:29
181                <action android:name="android.intent.action.VIEW" />
181-->src\main\AndroidManifest.xml:12:13-65
181-->src\main\AndroidManifest.xml:12:21-62
182
183                <category android:name="android.intent.category.DEFAULT" />
183-->src\main\AndroidManifest.xml:86:17-76
183-->src\main\AndroidManifest.xml:86:27-73
184                <category android:name="android.intent.category.BROWSABLE" />
184-->src\main\AndroidManifest.xml:94:17-78
184-->src\main\AndroidManifest.xml:94:27-75
185
186                <data android:scheme="@string/fb_login_protocol_scheme" />
186-->src\main\AndroidManifest.xml:13:13-44
186-->src\main\AndroidManifest.xml:13:19-41
187            </intent-filter>
188            <intent-filter>
188-->[com.facebook.android:facebook-common:17.0.0] AndroidManifest.xml:31:13-40:29
189                <action android:name="android.intent.action.VIEW" />
189-->src\main\AndroidManifest.xml:12:13-65
189-->src\main\AndroidManifest.xml:12:21-62
190
191                <category android:name="android.intent.category.DEFAULT" />
191-->src\main\AndroidManifest.xml:86:17-76
191-->src\main\AndroidManifest.xml:86:27-73
192                <category android:name="android.intent.category.BROWSABLE" />
192-->src\main\AndroidManifest.xml:94:17-78
192-->src\main\AndroidManifest.xml:94:27-75
193
194                <data
194-->src\main\AndroidManifest.xml:13:13-44
195                    android:host="cct.com.express.thynktech"
195-->src\main\AndroidManifest.xml:90:21-50
196                    android:scheme="fbconnect" />
196-->src\main\AndroidManifest.xml:13:19-41
197            </intent-filter>
198        </activity>
199
200        <!--
201           Declares a provider which allows us to store files to share in
202           '.../caches/share_plus' and grant the receiving action access
203        -->
204        <provider
204-->[:share_plus] AndroidManifest.xml:13:9-21:20
205            android:name="dev.fluttercommunity.plus.share.ShareFileProvider"
205-->[:share_plus] AndroidManifest.xml:14:13-77
206            android:authorities="com.express.thynktech.flutter.share_provider"
206-->[:share_plus] AndroidManifest.xml:15:13-74
207            android:exported="false"
207-->[:share_plus] AndroidManifest.xml:16:13-37
208            android:grantUriPermissions="true" >
208-->[:share_plus] AndroidManifest.xml:17:13-47
209            <meta-data
209-->src\main\AndroidManifest.xml:43:13-45:58
210                android:name="android.support.FILE_PROVIDER_PATHS"
210-->src\main\AndroidManifest.xml:44:17-67
211                android:resource="@xml/flutter_share_file_paths" />
211-->src\main\AndroidManifest.xml:45:17-55
212        </provider>
213        <!--
214           This manifest declared broadcast receiver allows us to use an explicit
215           Intent when creating a PendingItent to be informed of the user's choice
216        -->
217        <receiver
217-->[:share_plus] AndroidManifest.xml:26:9-32:20
218            android:name="dev.fluttercommunity.plus.share.SharePlusPendingIntent"
218-->[:share_plus] AndroidManifest.xml:27:13-82
219            android:exported="false" >
219-->[:share_plus] AndroidManifest.xml:28:13-37
220            <intent-filter>
220-->[:share_plus] AndroidManifest.xml:29:13-31:29
221                <action android:name="EXTRA_CHOSEN_COMPONENT" />
221-->[:share_plus] AndroidManifest.xml:30:17-65
221-->[:share_plus] AndroidManifest.xml:30:25-62
222            </intent-filter>
223        </receiver>
224
225        <activity
225-->[:flutter_inappwebview_android] AndroidManifest.xml:14:9-18:47
226            android:name="com.pichillilorenzo.flutter_inappwebview_android.in_app_browser.InAppBrowserActivity"
226-->[:flutter_inappwebview_android] AndroidManifest.xml:15:13-112
227            android:configChanges="orientation|keyboardHidden|keyboard|screenSize|locale|layoutDirection|fontScale|screenLayout|density"
227-->[:flutter_inappwebview_android] AndroidManifest.xml:16:13-137
228            android:exported="false"
228-->[:flutter_inappwebview_android] AndroidManifest.xml:17:13-37
229            android:theme="@style/AppTheme" />
229-->[:flutter_inappwebview_android] AndroidManifest.xml:18:13-44
230        <activity
230-->[:flutter_inappwebview_android] AndroidManifest.xml:19:9-22:55
231            android:name="com.pichillilorenzo.flutter_inappwebview_android.chrome_custom_tabs.ChromeCustomTabsActivity"
231-->[:flutter_inappwebview_android] AndroidManifest.xml:20:13-120
232            android:exported="false"
232-->[:flutter_inappwebview_android] AndroidManifest.xml:21:13-37
233            android:theme="@style/ThemeTransparent" />
233-->[:flutter_inappwebview_android] AndroidManifest.xml:22:13-52
234        <activity
234-->[:flutter_inappwebview_android] AndroidManifest.xml:23:9-26:55
235            android:name="com.pichillilorenzo.flutter_inappwebview_android.chrome_custom_tabs.TrustedWebActivity"
235-->[:flutter_inappwebview_android] AndroidManifest.xml:24:13-114
236            android:exported="false"
236-->[:flutter_inappwebview_android] AndroidManifest.xml:25:13-37
237            android:theme="@style/ThemeTransparent" />
237-->[:flutter_inappwebview_android] AndroidManifest.xml:26:13-52
238        <activity
238-->[:flutter_inappwebview_android] AndroidManifest.xml:27:9-31:55
239            android:name="com.pichillilorenzo.flutter_inappwebview_android.chrome_custom_tabs.ChromeCustomTabsActivitySingleInstance"
239-->[:flutter_inappwebview_android] AndroidManifest.xml:28:13-134
240            android:exported="false"
240-->[:flutter_inappwebview_android] AndroidManifest.xml:29:13-37
241            android:launchMode="singleInstance"
241-->[:flutter_inappwebview_android] AndroidManifest.xml:30:13-48
242            android:theme="@style/ThemeTransparent" />
242-->[:flutter_inappwebview_android] AndroidManifest.xml:31:13-52
243        <activity
243-->[:flutter_inappwebview_android] AndroidManifest.xml:32:9-36:55
244            android:name="com.pichillilorenzo.flutter_inappwebview_android.chrome_custom_tabs.TrustedWebActivitySingleInstance"
244-->[:flutter_inappwebview_android] AndroidManifest.xml:33:13-128
245            android:exported="false"
245-->[:flutter_inappwebview_android] AndroidManifest.xml:34:13-37
246            android:launchMode="singleInstance"
246-->[:flutter_inappwebview_android] AndroidManifest.xml:35:13-48
247            android:theme="@style/ThemeTransparent" />
247-->[:flutter_inappwebview_android] AndroidManifest.xml:36:13-52
248
249        <receiver
249-->[:flutter_inappwebview_android] AndroidManifest.xml:38:9-41:40
250            android:name="com.pichillilorenzo.flutter_inappwebview_android.chrome_custom_tabs.ActionBroadcastReceiver"
250-->[:flutter_inappwebview_android] AndroidManifest.xml:39:13-119
251            android:enabled="true"
251-->[:flutter_inappwebview_android] AndroidManifest.xml:40:13-35
252            android:exported="false" />
252-->[:flutter_inappwebview_android] AndroidManifest.xml:41:13-37
253
254        <meta-data
254-->[:flutter_inappwebview_android] AndroidManifest.xml:43:9-45:36
255            android:name="io.flutter.embedded_views_preview"
255-->[:flutter_inappwebview_android] AndroidManifest.xml:44:13-61
256            android:value="true" />
256-->[:flutter_inappwebview_android] AndroidManifest.xml:45:13-33
257
258        <activity android:name="com.facebook.CustomTabMainActivity" />
258-->[com.facebook.android:facebook-common:17.0.0] AndroidManifest.xml:26:9-71
258-->[com.facebook.android:facebook-common:17.0.0] AndroidManifest.xml:26:19-68
259
260        <service
260-->[:geolocator_android] AndroidManifest.xml:8:9-12:56
261            android:name="com.baseflow.geolocator.GeolocatorLocationService"
261-->[:geolocator_android] AndroidManifest.xml:9:13-77
262            android:enabled="true"
262-->[:geolocator_android] AndroidManifest.xml:10:13-35
263            android:exported="false"
263-->[:geolocator_android] AndroidManifest.xml:11:13-37
264            android:foregroundServiceType="location" />
264-->[:geolocator_android] AndroidManifest.xml:12:13-53
265
266        <provider
266-->[:image_picker_android] AndroidManifest.xml:9:9-17:20
267            android:name="io.flutter.plugins.imagepicker.ImagePickerFileProvider"
267-->[:image_picker_android] AndroidManifest.xml:10:13-82
268            android:authorities="com.express.thynktech.flutter.image_provider"
268-->[:image_picker_android] AndroidManifest.xml:11:13-74
269            android:exported="false"
269-->[:image_picker_android] AndroidManifest.xml:12:13-37
270            android:grantUriPermissions="true" >
270-->[:image_picker_android] AndroidManifest.xml:13:13-47
271            <meta-data
271-->src\main\AndroidManifest.xml:43:13-45:58
272                android:name="android.support.FILE_PROVIDER_PATHS"
272-->src\main\AndroidManifest.xml:44:17-67
273                android:resource="@xml/flutter_image_picker_file_paths" />
273-->src\main\AndroidManifest.xml:45:17-55
274        </provider> <!-- Trigger Google Play services to install the backported photo picker module. -->
275        <service
275-->[:image_picker_android] AndroidManifest.xml:19:9-31:19
276            android:name="com.google.android.gms.metadata.ModuleDependencies"
276-->[:image_picker_android] AndroidManifest.xml:20:13-78
277            android:enabled="false"
277-->[:image_picker_android] AndroidManifest.xml:21:13-36
278            android:exported="false" >
278-->[:image_picker_android] AndroidManifest.xml:22:13-37
279            <intent-filter>
279-->[:image_picker_android] AndroidManifest.xml:24:13-26:29
280                <action android:name="com.google.android.gms.metadata.MODULE_DEPENDENCIES" />
280-->[:image_picker_android] AndroidManifest.xml:25:17-94
280-->[:image_picker_android] AndroidManifest.xml:25:25-91
281            </intent-filter>
282
283            <meta-data
283-->[:image_picker_android] AndroidManifest.xml:28:13-30:36
284                android:name="photopicker_activity:0:required"
284-->[:image_picker_android] AndroidManifest.xml:29:17-63
285                android:value="" />
285-->[:image_picker_android] AndroidManifest.xml:30:17-33
286        </service>
287
288        <activity
288-->[:url_launcher_android] AndroidManifest.xml:8:9-11:74
289            android:name="io.flutter.plugins.urllauncher.WebViewActivity"
289-->[:url_launcher_android] AndroidManifest.xml:9:13-74
290            android:exported="false"
290-->[:url_launcher_android] AndroidManifest.xml:10:13-37
291            android:theme="@android:style/Theme.NoTitleBar.Fullscreen" />
291-->[:url_launcher_android] AndroidManifest.xml:11:13-71
292
293        <service
293-->[:firebase_auth] AndroidManifest.xml:8:9-12:19
294            android:name="com.google.firebase.components.ComponentDiscoveryService"
294-->[:firebase_auth] AndroidManifest.xml:8:18-89
295            android:directBootAware="true"
295-->[com.google.firebase:firebase-common:22.0.0] AndroidManifest.xml:32:13-43
296            android:exported="false" >
296-->[com.google.firebase:firebase-auth:24.0.1] AndroidManifest.xml:68:13-37
297            <meta-data
297-->[:firebase_auth] AndroidManifest.xml:9:13-11:85
298                android:name="com.google.firebase.components:io.flutter.plugins.firebase.auth.FlutterFirebaseAuthRegistrar"
298-->[:firebase_auth] AndroidManifest.xml:10:17-124
299                android:value="com.google.firebase.components.ComponentRegistrar" />
299-->[:firebase_auth] AndroidManifest.xml:11:17-82
300            <meta-data
300-->[:firebase_messaging] AndroidManifest.xml:36:13-38:85
301                android:name="com.google.firebase.components:io.flutter.plugins.firebase.messaging.FlutterFirebaseAppRegistrar"
301-->[:firebase_messaging] AndroidManifest.xml:37:17-128
302                android:value="com.google.firebase.components.ComponentRegistrar" />
302-->[:firebase_messaging] AndroidManifest.xml:38:17-82
303            <meta-data
303-->[:firebase_core] AndroidManifest.xml:9:13-11:85
304                android:name="com.google.firebase.components:io.flutter.plugins.firebase.core.FlutterFirebaseCoreRegistrar"
304-->[:firebase_core] AndroidManifest.xml:10:17-124
305                android:value="com.google.firebase.components.ComponentRegistrar" />
305-->[:firebase_core] AndroidManifest.xml:11:17-82
306            <meta-data
306-->[com.google.firebase:firebase-auth:24.0.1] AndroidManifest.xml:69:13-71:85
307                android:name="com.google.firebase.components:com.google.firebase.auth.FirebaseAuthRegistrar"
307-->[com.google.firebase:firebase-auth:24.0.1] AndroidManifest.xml:70:17-109
308                android:value="com.google.firebase.components.ComponentRegistrar" />
308-->[com.google.firebase:firebase-auth:24.0.1] AndroidManifest.xml:71:17-82
309            <meta-data
309-->[com.google.firebase:firebase-messaging:25.0.0] AndroidManifest.xml:57:13-59:85
310                android:name="com.google.firebase.components:com.google.firebase.messaging.FirebaseMessagingKtxRegistrar"
310-->[com.google.firebase:firebase-messaging:25.0.0] AndroidManifest.xml:58:17-122
311                android:value="com.google.firebase.components.ComponentRegistrar" />
311-->[com.google.firebase:firebase-messaging:25.0.0] AndroidManifest.xml:59:17-82
312            <meta-data
312-->[com.google.firebase:firebase-messaging:25.0.0] AndroidManifest.xml:60:13-62:85
313                android:name="com.google.firebase.components:com.google.firebase.messaging.FirebaseMessagingRegistrar"